[main] INFO  Ebanking  - The URL of the EBanking Application is launched
[main] INFO  Ebanking  - The Username of the EBanking Application is Entered
[main] INFO  Ebanking  - The Password of the EBanking Application is Entered
[main] INFO  Ebanking  - The Logged in successfully
[main] INFO  Ebanking  - The URL of the EBanking Application is launched
[main] INFO  Ebanking  - The Username of the EBanking Application is Entered
[main] INFO  Ebanking  - The Password of the EBanking Application is Entered
[main] INFO  Ebanking  - Application Logged in successfully
[main] INFO  Ebanking  - The URL of the EBanking Application is launched
[main] INFO  Ebanking  - The Username of the EBanking Application is Entered
[main] INFO  Ebanking  - The Password of the EBanking Application is Entered
[main] INFO  Ebanking  - Application Logged in successfully
[main] INFO  Ebanking  - The Username of the EBanking Application is Entered
[main] INFO  Ebanking  - The Password of the EBanking Application is Entered
[main] INFO  Ebanking  - Application Logged in successfully
[main] INFO  Ebanking  - The Username of the EBanking Application is Entered
[main] INFO  Ebanking  - The Password of the EBanking Application is Entered
[main] INFO  Ebanking  - Application Logged in successfully
[main] INFO  Ebanking  - The Username of the EBanking Application is Entered
[main] INFO  Ebanking  - The Password of the EBanking Application is Entered
[main] INFO  Ebanking  - Application Logged in successfully
[main] INFO  Ebanking  - Username is provided
[main] INFO  Ebanking  - Password is provided
[main] INFO  Ebanking  - Login passsed
[main] INFO  Ebanking  - logout is done
[main] INFO  Ebanking  - Username is provided
[main] INFO  Ebanking  - Password is provided
[main] INFO  Ebanking  - Login passsed
[main] INFO  Ebanking  - Username is provided
[main] INFO  Ebanking  - Password is provided
[main] INFO  Ebanking  - Login passsed
[main] INFO  Ebanking  - logout is done
[main] INFO  Ebanking  - Username is provided
[main] INFO  Ebanking  - Password is provided
[main] INFO  Ebanking  - Login passsed
[main] INFO  Ebanking  - Username is provided
[main] INFO  Ebanking  - Password is provided
[main] INFO  Ebanking  - Login passsed
[main] INFO  Ebanking  - logout is done
[main] INFO  Ebanking  - Username is provided
[main] INFO  Ebanking  - Password is provided
[main] INFO  Ebanking  - Login passsed
[main] INFO  Ebanking  - logout is done
[main] INFO  Ebanking  - Username is provided
[main] INFO  Ebanking  - Password is provided
[main] INFO  Ebanking  - Username is provided
[main] INFO  Ebanking  - Password is provided
[main] INFO  Ebanking  - Login passsed
[main] INFO  Ebanking  - logout is done
[main] INFO  Ebanking  - Username is provided
[main] INFO  Ebanking  - Password is provided
[main] INFO  Ebanking  - Login passsed
[main] INFO  Ebanking  - logout is done
[main] INFO  Ebanking  - Username is provided
[main] INFO  Ebanking  - Password is provided
[main] INFO  Ebanking  - Login passsed
[main] INFO  Ebanking  - logout is done
[main] INFO  Ebanking  - Username is provided
[main] INFO  Ebanking  - Password is provided
[main] INFO  Ebanking  - Login passsed
[main] INFO  Ebanking  - logout is done
[main] INFO  Ebanking  - Username is provided
[main] INFO  Ebanking  - Password is provided
[main] INFO  Ebanking  - Login passsed
[main] INFO  Ebanking  - logout is done
[main] INFO  Ebanking  - Username is provided
[main] INFO  Ebanking  - Password is provided
[main] INFO  Ebanking  - Login passsed
[main] INFO  Ebanking  - logout is done
[main] INFO  Ebanking  - Username is provided
[main] INFO  Ebanking  - Password is provided
[main] INFO  Ebanking  - Login passsed
[main] INFO  Ebanking  - logout is done
[main] INFO  Ebanking  - Username is provided
[main] INFO  Ebanking  - Password is provided
[main] INFO  Ebanking  - Login passsed
[main] INFO  Ebanking  - logout is done
[main] INFO  Ebanking  - Username is provided
[main] INFO  Ebanking  - Password is provided
[main] INFO  Ebanking  - Login passsed
[main] INFO  Ebanking  - Username is provided
[main] INFO  Ebanking  - Password is provided
[main] INFO  Ebanking  - Login passsed
[main] INFO  Ebanking  - Username is provided
[main] INFO  Ebanking  - Password is provided
[main] INFO  Ebanking  - Login passsed
[main] INFO  Ebanking  - Username is provided
[main] INFO  Ebanking  - Password is provided
[main] INFO  Ebanking  - Login passsed
[main] INFO  Ebanking  - Username is provided
[main] INFO  Ebanking  - Password is provided
[main] INFO  Ebanking  - Login passsed
[main] INFO  Ebanking  - logout is done
[main] INFO  Ebanking  - Username is provided
[main] INFO  Ebanking  - Password is provided
[main] INFO  Ebanking  - Login passsed
[main] INFO  Ebanking  - Username is provided
[main] INFO  Ebanking  - Password is provided
[main] INFO  Ebanking  - Login passsed
[main] INFO  Ebanking  - Username is provided
[main] INFO  Ebanking  - Password is provided
[main] INFO  Ebanking  - Login passsed
[main] INFO  Ebanking  - Username is provided
[main] INFO  Ebanking  - Password is provided
[main] INFO  Ebanking  - Login passsed
[main] INFO  Ebanking  - logout is done
[main] INFO  Ebanking  - Username is provided
[main] INFO  Ebanking  - Password is provided
[main] INFO  Ebanking  - Login passsed
[main] INFO  Ebanking  - Username is provided
[main] INFO  Ebanking  - Password is provided
[main] INFO  Ebanking  - Login passsed
[main] INFO  Ebanking  - Username is provided
[main] INFO  Ebanking  - Username is provided
[main] INFO  Ebanking  - Password is provided
[main] INFO  Ebanking  - Login passsed
[main] INFO  Ebanking  - logout is done
